<?xml version="1.0" encoding="UTF-8"?>
<!-- Generated by org.testng.reporters.JUnitReportReporter -->
<testsuite skipped="1" hostname="LAPTOP-TM7CHUTQ" name="com.wellsfargo.TestCases.Module1" tests="2" failures="0" timestamp="2020-06-02T14:57:50 IST" time="9.128" errors="0">
  <testcase name="testCase1M1" time="9.128" classname="com.wellsfargo.TestCases.Module1"/>
  <system-out/>
  <testcase name="testCaseEnabling" classname="com.wellsfargo.TestCases.Module1">
    <skipped/>
  </testcase> <!-- testCaseEnabling -->
  <system-out/>
</testsuite> <!-- com.wellsfargo.TestCases.Module1 -->
